<?xml version="1.0" encoding="UTF-8"?>
<!-- Generated by org.testng.reporters.JUnitXMLReporter -->
<testsuite ignored="1" hostname="IBM-PF3183HA" failures="0" tests="3" name="It Company" time="0.085" errors="0" timestamp="2023-03-14T19:14:00 IST">
  <testcase classname="TestNG.Grouping" name="dot_net" time="0.008"/>
  <testcase classname="TestNG.Grouping" name="java" time="0.001"/>
  <testcase classname="TestNG.Grouping" name="tester" time="0.001"/>
  <testcase classname="TestNG.Grouping" name="hr" time="0.0">
    <ignored/>
  </testcase> <!-- hr -->
</testsuite> <!-- It Company -->
